<?xml version="1.0" encoding="UTF-8"?>
<!-- Generated by org.testng.reporters.JUnitReportReporter -->
<testsuite skipped="0" hostname="LAPTOP-JNVFOM23" name="com.swaglab.test.CartTest" tests="2" failures="0" timestamp="2021-03-02T12:09:34 IST" time="1.122" errors="0">
  <testcase name="login" time="0.797" classname="com.swaglab.test.CartTest"/>
  <system-out/>
  <testcase name="addProductToCart" time="0.325" classname="com.swaglab.test.CartTest"/>
  <system-out/>
</testsuite> <!-- com.swaglab.test.CartTest -->
