<?xml version="1.0" encoding="UTF-8"?>
<!-- Generated by org.testng.reporters.JUnitReportReporter -->
<testsuite skipped="0" hostname="LAPTOP-JNVFOM23" name="com.swaglab.pages.TestCase1" tests="1" failures="0" timestamp="2021-03-01T18:09:54 IST" time="0.619" errors="0">
  <testcase name="login" time="0.619" classname="com.swaglab.pages.TestCase1"/>
  <system-out/>
</testsuite> <!-- com.swaglab.pages.TestCase1 -->
